[debug] [2026-05-21T13:51:13.123Z] ----------------------------------------------------------------------
[debug] [2026-05-21T13:51:13.133Z] Command:       C:\Program Files\nodejs\node.exe C:\Users\47800946827\AppData\Roaming\npm\node_modules\firebase-tools\lib\bin\firebase.js use
[debug] [2026-05-21T13:51:13.134Z] CLI Version:   15.18.0
[debug] [2026-05-21T13:51:13.134Z] Platform:      win32
[debug] [2026-05-21T13:51:13.134Z] Node Version:  v24.13.0
[debug] [2026-05-21T13:51:13.134Z] Time:          Thu May 21 2026 10:51:13 GMT-0300 (Horário Padrão de Brasília)
[debug] [2026-05-21T13:51:13.134Z] ----------------------------------------------------------------------
[debug] 
[debug] [2026-05-21T13:51:13.663Z] > command requires scopes: ["email","openid","https://www.googleapis.com/auth/cloudplatformprojects.readonly","https://www.googleapis.com/auth/firebase","https://www.googleapis.com/auth/cloud-platform"]
[debug] [2026-05-21T13:51:13.665Z] > authorizing via signed-in user (stellarinteraction@gmail.com)
[info] stellar-steraction
[debug] [2026-05-21T13:51:15.467Z] ----------------------------------------------------------------------
[debug] [2026-05-21T13:51:15.475Z] Command:       C:\Program Files\nodejs\node.exe C:\Users\47800946827\AppData\Roaming\npm\node_modules\firebase-tools\lib\bin\firebase.js login:list
[debug] [2026-05-21T13:51:15.476Z] CLI Version:   15.18.0
[debug] [2026-05-21T13:51:15.476Z] Platform:      win32
[debug] [2026-05-21T13:51:15.477Z] Node Version:  v24.13.0
[debug] [2026-05-21T13:51:15.477Z] Time:          Thu May 21 2026 10:51:15 GMT-0300 (Horário Padrão de Brasília)
[debug] [2026-05-21T13:51:15.477Z] ----------------------------------------------------------------------
[debug] 
[info] Logged in as stellarinteraction@gmail.com
[debug] [2026-05-21T13:51:29.618Z] ----------------------------------------------------------------------
[debug] [2026-05-21T13:51:29.626Z] Command:       C:\Program Files\nodejs\node.exe C:\Users\47800946827\AppData\Roaming\npm\node_modules\firebase-tools\lib\bin\firebase.js deploy --only hosting
[debug] [2026-05-21T13:51:29.626Z] CLI Version:   15.18.0
[debug] [2026-05-21T13:51:29.626Z] Platform:      win32
[debug] [2026-05-21T13:51:29.626Z] Node Version:  v24.13.0
[debug] [2026-05-21T13:51:29.626Z] Time:          Thu May 21 2026 10:51:29 GMT-0300 (Horário Padrão de Brasília)
[debug] [2026-05-21T13:51:29.626Z] ----------------------------------------------------------------------
[debug] 
[debug] [2026-05-21T13:51:35.728Z] > command requires scopes: ["email","openid","https://www.googleapis.com/auth/cloudplatformprojects.readonly","https://www.googleapis.com/auth/firebase","https://www.googleapis.com/auth/cloud-platform"]
[debug] [2026-05-21T13:51:35.729Z] > authorizing via signed-in user (stellarinteraction@gmail.com)
[debug] [2026-05-21T13:51:35.729Z] [iam] checking project stellar-steraction for permissions ["firebase.projects.get","firebasehosting.sites.update"]
[debug] [2026-05-21T13:51:35.732Z] Checked if tokens are valid: true, expires at: 1779375014520
[debug] [2026-05-21T13:51:35.732Z] Checked if tokens are valid: true, expires at: 1779375014520
[debug] [2026-05-21T13:51:35.733Z] >>> [apiv2][query] POST https://cloudresourcemanager.googleapis.com/v1/projects/stellar-steraction:testIamPermissions [none]
[debug] [2026-05-21T13:51:35.733Z] >>> [apiv2][(partial)header] POST https://cloudresourcemanager.googleapis.com/v1/projects/stellar-steraction:testIamPermissions  x-goog-user-project=stellar-steraction
[debug] [2026-05-21T13:51:35.733Z] >>> [apiv2][body] POST https://cloudresourcemanager.googleapis.com/v1/projects/stellar-steraction:testIamPermissions {"permissions":["firebase.projects.get","firebasehosting.sites.update"]}
[debug] [2026-05-21T13:51:36.685Z] <<< [apiv2][status] POST https://cloudresourcemanager.googleapis.com/v1/projects/stellar-steraction:testIamPermissions 200
[debug] [2026-05-21T13:51:36.685Z] <<< [apiv2][body] POST https://cloudresourcemanager.googleapis.com/v1/projects/stellar-steraction:testIamPermissions {"permissions":["firebase.projects.get","firebasehosting.sites.update"]}
[debug] [2026-05-21T13:51:36.685Z] Checked if tokens are valid: true, expires at: 1779375014520
[debug] [2026-05-21T13:51:36.685Z] Checked if tokens are valid: true, expires at: 1779375014520
[debug] [2026-05-21T13:51:36.686Z] >>> [apiv2][query] GET https://firebase.googleapis.com/v1beta1/projects/stellar-steraction [none]
[debug] [2026-05-21T13:51:37.154Z] <<< [apiv2][status] GET https://firebase.googleapis.com/v1beta1/projects/stellar-steraction 200
[debug] [2026-05-21T13:51:37.154Z] <<< [apiv2][body] GET https://firebase.googleapis.com/v1beta1/projects/stellar-steraction {"projectId":"stellar-steraction","projectNumber":"560490316039","displayName":"stellar-Interaction","name":"projects/stellar-steraction","resources":{"hostingSite":"stellar-steraction","realtimeDatabaseInstance":"stellar-steraction-default-rtdb"},"state":"ACTIVE","etag":"1_4fe3f6a3-2d48-492e-9f68-a1463a3804e1"}
[info] 
[info] === Deploying to 'stellar-steraction'...
[info] 
[info] i  deploying hosting 
[debug] [2026-05-21T13:51:37.160Z] Checked if tokens are valid: true, expires at: 1779375014520
[debug] [2026-05-21T13:51:37.160Z] Checked if tokens are valid: true, expires at: 1779375014520
[debug] [2026-05-21T13:51:37.160Z] >>> [apiv2][query] GET https://firebasehosting.googleapis.com/v1beta1/projects/stellar-steraction/sites/stellar-steraction [none]
[debug] [2026-05-21T13:51:38.504Z] <<< [apiv2][status] GET https://firebasehosting.googleapis.com/v1beta1/projects/stellar-steraction/sites/stellar-steraction 200
[debug] [2026-05-21T13:51:38.505Z] <<< [apiv2][body] GET https://firebasehosting.googleapis.com/v1beta1/projects/stellar-steraction/sites/stellar-steraction {"name":"projects/stellar-steraction/sites/stellar-steraction","defaultUrl":"https://stellar-steraction.web.app","appId":"1:560490316039:web:80e84d7f209f79482185a2","type":"DEFAULT_SITE"}
[debug] [2026-05-21T13:51:38.515Z] Checked if tokens are valid: true, expires at: 1779375014520
[debug] [2026-05-21T13:51:38.515Z] Checked if tokens are valid: true, expires at: 1779375014520
[debug] [2026-05-21T13:51:38.515Z] >>> [apiv2][query] POST https://firebasehosting.googleapis.com/v1beta1/projects/-/sites/stellar-steraction/versions [none]
[debug] [2026-05-21T13:51:38.515Z] >>> [apiv2][body] POST https://firebasehosting.googleapis.com/v1beta1/projects/-/sites/stellar-steraction/versions {"status":"CREATED","labels":{"deployment-tool":"cli-firebase"}}
[debug] [2026-05-21T13:51:39.686Z] <<< [apiv2][status] POST https://firebasehosting.googleapis.com/v1beta1/projects/-/sites/stellar-steraction/versions 200
[debug] [2026-05-21T13:51:39.686Z] <<< [apiv2][body] POST https://firebasehosting.googleapis.com/v1beta1/projects/-/sites/stellar-steraction/versions {"name":"projects/560490316039/sites/stellar-steraction/versions/febe78267735dec0","status":"CREATED","config":{},"labels":{"deployment-tool":"cli-firebase"}}
[info] i  hosting[stellar-steraction]: beginning deploy... 
[info] i  hosting[stellar-steraction]: found 63 files in dist 
[debug] [2026-05-21T13:51:39.708Z] [hosting] uploading with 200 concurrency
[debug] [2026-05-21T13:51:39.717Z] Checked if tokens are valid: true, expires at: 1779375014520
[debug] [2026-05-21T13:51:39.717Z] Checked if tokens are valid: true, expires at: 1779375014520
[debug] [2026-05-21T13:51:39.724Z] [hosting] hash cache [ZGlzdA] stored for 63 files
[debug] [2026-05-21T13:51:39.725Z] [hosting][hash queue][FINAL] {"max":4,"min":0,"avg":0.23859014579592414,"active":0,"complete":63,"success":63,"errored":0,"retried":0,"total":63,"elapsed":14}
[debug] [2026-05-21T13:51:39.725Z] >>> [apiv2][query] POST https://firebasehosting.googleapis.com/v1beta1/projects/560490316039/sites/stellar-steraction/versions/febe78267735dec0:populateFiles [none]
[debug] [2026-05-21T13:51:39.725Z] >>> [apiv2][body] POST https://firebasehosting.googleapis.com/v1beta1/projects/560490316039/sites/stellar-steraction/versions/febe78267735dec0:populateFiles {"files":{"/index.html":"25cc9a45a8a998b6d978d80def7d862d035cfeaf7a16bb915c006bbf9cabc8a6","/icons.svg":"a71fc7c82918feffdb1e7e59f1b494531849b1025cedc75bc6c0dfa2a941d54d","/favicon.svg":"44fea64ea0b4986cf22dbc28741fe402f021baf13dbd2cc8ce6aa04b24300573","/images/logo.png":"46e698455aaae7c63ad437ed39d7abf45948027c0a944268d7a367e7f432320e","/images/planets/Venus.jpg":"d59e99697d2456c24eb8ffe9a54c010ca0c3f46fe1c7c4ca8f10727061d2760c","/images/planets/Urano.jpg":"a52aeba2ceeb39ba1df44274e8bfc9f9c824fcd5673e058feda9da20c393222e","/images/planets/Terra.jpg":"ef7eb01a505138a0239132d2aa0d1aa6ddb5954a0357f155fc4e1005b304c62a","/images/planets/Sol.jpg":"ade2d3229ffb5504bf74c229ff8c5dc9f577400f9a9245beba82c8051fb49431","/images/planets/Saturno.jpg":"000b2ccb69713bb4755fe5f002f667f95801cf12ce8a8e4529437765d00f59a9","/images/planets/Netuno.jpg":"fdfd9ff43d037a24a1e50c53673aec1427b9b2904d772bf2a5a0c0336982adbf","/images/planets/Mercurio.jpg":"50e6bd4bef5021ae262922a0af0879857487ee47d493dd094cef1c3f984b0603","/images/planets/Marte.jpg":"172f7691ef17eef8c279c6cc9b6a5b4a3d4ee32078028ea922428b799f3c0c87","/images/planets/Lua.jpg":"8d7db8092d645697e6fdf2b421f378308f4caced9b61fd44ac7253ec491967df","/images/planets/Jupiter.jpg":"61ce5ac52412efdd6acfd204ca92bc6c8833a094732f2e018ea248b486fe04c0","/images/planets/fundo-sol.png":"ce271eace533a519d984105e73ce61fd400d575094008c432191a843091d31f8","/images/loja/oculos.png":"1f1098eb50103a66b0b9b7c356740496071a67986bb4ac79cb2123eb1c96d29a","/images/loja/chapeu.png":"a1c4a41705440a520277f2177971eea13bb983376df69597091d772a039ef07e","/images/loja/bone.png":"68659362cf9b6bb94cbc42967c8f1329bbf47229c4d1145bf8c4aa46dbdf99a3","/images/loja/aneis.png":"385edbc1962d846e69c71acb25bfcb474d1f7baf2edfcce96591b4639a90dcf2","/images/backgrounds/textura.png":"1179dc51f6a2083be173282e91169f4cb46429ef8375c5665ac047a1fbe0434f","/images/backgrounds/Nuvens.jpg":"2fa644ba0260578fe0813373a76aadc67c013c43a2734904e3636de84bdcb705","/images/backgrounds/fundo-sol.png":"759637c78891a013b42483d04854b10c55edcdae8dbd1febd2879377246697e5","/images/backgrounds/fundo-galaxia.png":"9b1700e57ee71505a06d6803fc336706817351c12f21d1564a99725c3d82c2a9","/images/backgrounds/fundo-espaco.png":"da401b60d97a0338e65bb7a3b2de6168f61d85a88cb115efdc8959a8359c3c43","/images/backgrounds/estrelas.jpg":"98f2574b3dc815d30b198b86fe6f19ccce815e9c029858015a299ab655f5b040","/images/backgrounds/atmosferavenus.jpg":"cba016ef714d14fb023556ff3a0ac6438ab6b779141fe2d684808bbfbc917c34","/images/backgrounds/anel.png":"9d452f723f81ad14820de7869014a734746bbadbf90bc6647ae50fbf9ff5cdc1","/images/avatars/nave.png":"1b166a426f9de8d7ad73e59fcdfdfe34479e00745a15af195d3b2edc6e698e5c","/assets/Videos-YTxlBWDq.js":"3fd503fcbee851959307c32125c90c01cc0971074a7a7546c0bc8e9f265c9c94","/assets/Videos-DAb9W8F0.css":"b01eb03abdcb46b213ecabffbd4b080e503484ca83b47497f38e6e4df13e5fd9","/assets/vendor-C9wCz4AW.js":"e9978b77c44b33944fa00182d69c616fd0898d2b131fa1063616781e0cc76d6b","/assets/Store-oTRgT378.css":"ab1e24d6f78d31172056bc4829158ac27220b1145da0c1e313c845efd38ccbe5","/assets/Store-DdrsnM_y.js":"9d2fe338feb018a0f8b0e39c0692849a6962cdeef412a2b1966bdb3736f5e9c6","/assets/Register-PQD1nFJ3.css":"0aa0fb9861a5692d44b9c4144f6e3fa6667b927edc291657d7ff74ae7f71b4d1","/assets/Register-D9uRqUrO.js":"90e1174e1d3fa12ff4ea6b5e673dd5fef26c3c3fecb017283466b4f1807a7e4f","/assets/react-vendor-D5vA1o5-.js":"02f42406bcca33d6a34b5dff7d328658cb17a5bf031b7a3f747192c21c02aee1","/assets/Quiz-QQP5I04S.css":"fe0dffa2eb98ae2daa32837cf409fabee369dd96d189714b7adc8fbaed5ea665","/assets/Quiz-BAtR4WGO.js":"0467032a7ca74036701824aad1ad6ea4f29d40e0aa34ff234456fc51a36dc020","/assets/Profile-C6TQ75gK.css":"8052664c8ece6d3f05824c92d395eb319913fc75a769b3071f886c90154647f3","/assets/Profile-BzE6OEeg.js":"3d86ff3baeb7abd841cfbf20c17c88f2caf8f2cd5d1c5cf70ea8ca412e59f8a9","/assets/Planets-ByJjfJDl.css":"cc5a8854c4714085b08adcc3948286187ff8edd94d9b2148b9a4fb548ddaf96c","/assets/Planets-BquWhNSN.js":"ddfb1946d5ba1e377537ea5909c044633c699208f34b0c5936566b8fb4ffd293","/assets/PlanetDetails-KjC4Y_5x.css":"72b21e292c0f9c48ae142bbad67b5950a046d42023d8f758938505e63f6ddf95","/assets/PlanetDetails-cxUXI7J-.js":"2655a4c3a3e89e23d07e42c7bca6ee88f761b7b255aa49e6df1108c9a797cb10","/assets/NotFound-DQQwuSqQ.css":"89658da3f9e6b1aa2e06043dd3ac62676f10b6bedb87eedc3060abdfc221ad15","/assets/NotFound-BjPnNLDG.js":"400969b216f8c47e26dc3c9d994fbad7c2052a088fe07c9b6b5f86ee1cb64963","/assets/Mysteries-CTTKyTv3.js":"4abb5eb5d2f2657a44868039256aa20de20d2b5d80b28aba86adc39e58a29960","/assets/Mysteries-B61DlvZb.css":"73b86e7b8d6e75bec45f0e1ffe43954c61291ea5b15f6c38fa6ee69f197d5995","/assets/Login-D_9zZdvg.js":"a0126e30b22011a182ec809fa70d90069b70dd0d57263571b3ac8f52d1430c22","/assets/Login-CZQZ68zY.css":"e8c82c4198c0db845821186a1beb7318f522afc05b5855ea6b9bb0c6a897486c","/assets/index-Y_bYc4Pm.js":"50831927a48800b91ce00524a00550d4ecd2e10d4f2b06789895a6b318fa8c41","/assets/index-C-FE2CJM.css":"a9cb04c939201d4ded1cbfcc1bfcee5f8213feee31177325c66da50b391d5403","/assets/Home-Osur1rBK.js":"86cb8fed6b87693a622e7168de8340d05db1f8e0ce9cf3417324fdf1665b628c","/assets/Home-KTgX0SYR.css":"0c0c6df723137373967324fd34482c4846c7806eb5a1b7a46aef195d1a2acd90","/assets/Game-CR-4WMww.js":"17ca666425f52bbeebbf48e3e42ad40d39be45fefe62e5cf1d3c262fb784cef1","/assets/Game-C3vBFne9.css":"71173ab449589e16f18ff4fb43710d1d33aa86890ad2f778c2aea5cd86210f0b","/assets/ForgotPassword-CqWhAHOj.css":"e0d8743e54d35615f8f65056ab2d2528248550e28f7bd37b37c508e7b0bc0cdd","/assets/ForgotPassword-C681wGl1.js":"f2cb2670dd2f8a60eaa8af76c854668f03ea32bd50d242924bbd7a97b501771a","/assets/firebase-CxwOYhay.js":"7a4faeed777a606bc41d8bbb8c5e94db60070b9192c1e59c0c3dd08da0b96de8","/assets/Feedback-CLXD2PpH.css":"e01d91e4d4bf9e2d188371e1761b5966fa4c998fd6aa8ac6a7eb50833dceae1a","/assets/Feedback-AolGF8r7.js":"8aeb9c68b30e866559988e2879fab3a831cbb175fe597daa413c2890fd1831ed","/assets/ConfirmDialog-BQzXV3vc.js":"b5edf50bae184beb9ec4462ae5c83978ab35c194de62fb9d3e711ea291fa2369","/assets/authErrors-2Rk5szzN.js":"ea2dd832b878d05f433301ce38b834b32e95d2a6f950183f181b87a91e8a7403"}}
[debug] [2026-05-21T13:51:40.890Z] <<< [apiv2][status] POST https://firebasehosting.googleapis.com/v1beta1/projects/560490316039/sites/stellar-steraction/versions/febe78267735dec0:populateFiles 200
[debug] [2026-05-21T13:51:40.891Z] <<< [apiv2][body] POST https://firebasehosting.googleapis.com/v1beta1/projects/560490316039/sites/stellar-steraction/versions/febe78267735dec0:populateFiles {"uploadUrl":"https://upload-firebasehosting.googleapis.com/upload/sites/stellar-steraction/versions/febe78267735dec0/files"}
[debug] [2026-05-21T13:51:40.891Z] [hosting][populate queue][FINAL] {"max":1174,"min":1174,"avg":1174,"active":0,"complete":1,"success":1,"errored":0,"retried":0,"total":1,"elapsed":1174}
[debug] [2026-05-21T13:51:40.891Z] [hosting] uploads queued: 0
[debug] [2026-05-21T13:51:40.892Z] [hosting][upload queue][FINAL] {"max":0,"min":9999999999,"avg":0,"active":0,"complete":0,"success":0,"errored":0,"retried":0,"total":0,"elapsed":1779371500892}
[info] i  hosting: upload complete 
[info] +  hosting[stellar-steraction]: file upload complete 
[debug] [2026-05-21T13:51:40.893Z] [hosting] deploy completed after 1205ms
[debug] [2026-05-21T13:51:40.893Z] [
  {
    "config": {
      "public": "dist",
      "ignore": [
        "firebase.json",
        "**/.*",
        "**/node_modules/**"
      ],
      "rewrites": [
        {
          "source": "**",
          "destination": "/index.html"
        }
      ],
      "headers": [
        {
          "source": "**/*.@(js|css)",
          "headers": [
            {
              "key": "Cache-Control",
              "value": "public, max-age=31536000, immutable"
            }
          ]
        },
        {
          "source": "**/*.@(png|jpg|jpeg|gif|webp|svg|ico|woff|woff2)",
          "headers": [
            {
              "key": "Cache-Control",
              "value": "public, max-age=31536000, immutable"
            }
          ]
        },
        {
          "source": "index.html",
          "headers": [
            {
              "key": "Cache-Control",
              "value": "no-cache"
            }
          ]
        }
      ],
      "site": "stellar-steraction"
    },
    "version": "projects/560490316039/sites/stellar-steraction/versions/febe78267735dec0"
  }
]
[info] i  hosting[stellar-steraction]: finalizing version... 
[debug] [2026-05-21T13:51:40.894Z] Checked if tokens are valid: true, expires at: 1779375014520
[debug] [2026-05-21T13:51:40.894Z] Checked if tokens are valid: true, expires at: 1779375014520
[debug] [2026-05-21T13:51:40.895Z] >>> [apiv2][query] PATCH https://firebasehosting.googleapis.com/v1beta1/projects/-/sites/stellar-steraction/versions/febe78267735dec0 updateMask=status%2Cconfig
[debug] [2026-05-21T13:51:40.895Z] >>> [apiv2][body] PATCH https://firebasehosting.googleapis.com/v1beta1/projects/-/sites/stellar-steraction/versions/febe78267735dec0 {"status":"FINALIZED","config":{"rewrites":[{"glob":"**","path":"/index.html"}],"headers":[{"glob":"**/*.@(js|css)","headers":{"Cache-Control":"public, max-age=31536000, immutable"}},{"glob":"**/*.@(png|jpg|jpeg|gif|webp|svg|ico|woff|woff2)","headers":{"Cache-Control":"public, max-age=31536000, immutable"}},{"glob":"index.html","headers":{"Cache-Control":"no-cache"}}]}}
[debug] [2026-05-21T13:51:41.556Z] <<< [apiv2][status] PATCH https://firebasehosting.googleapis.com/v1beta1/projects/-/sites/stellar-steraction/versions/febe78267735dec0 200
[debug] [2026-05-21T13:51:41.557Z] <<< [apiv2][body] PATCH https://firebasehosting.googleapis.com/v1beta1/projects/-/sites/stellar-steraction/versions/febe78267735dec0 {"name":"projects/560490316039/sites/stellar-steraction/versions/febe78267735dec0","status":"FINALIZED","config":{"headers":[{"headers":{"Cache-Control":"public, max-age=31536000, immutable"},"glob":"**/*.@(js|css)"},{"headers":{"Cache-Control":"public, max-age=31536000, immutable"},"glob":"**/*.@(png|jpg|jpeg|gif|webp|svg|ico|woff|woff2)"},{"headers":{"Cache-Control":"no-cache"},"glob":"index.html"}],"rewrites":[{"glob":"**","path":"/index.html"}]},"labels":{"deployment-tool":"cli-firebase"},"createTime":"2026-05-21T13:51:38.997067Z","createUser":{"email":"stellarinteraction@gmail.com"},"finalizeTime":"2026-05-21T13:51:41.407710Z","finalizeUser":{"email":"stellarinteraction@gmail.com"}}
[debug] [2026-05-21T13:51:41.557Z] [hosting] finalized version for stellar-steraction:[object Object]
[info] +  hosting[stellar-steraction]: version finalized 
[info] i  hosting[stellar-steraction]: releasing new version... 
[debug] [2026-05-21T13:51:41.557Z] Checked if tokens are valid: true, expires at: 1779375014520
[debug] [2026-05-21T13:51:41.557Z] Checked if tokens are valid: true, expires at: 1779375014520
[debug] [2026-05-21T13:51:41.557Z] >>> [apiv2][query] POST https://firebasehosting.googleapis.com/v1beta1/projects/-/sites/stellar-steraction/channels/live/releases versionName=projects%2F560490316039%2Fsites%2Fstellar-steraction%2Fversions%2Ffebe78267735dec0
[debug] [2026-05-21T13:51:41.557Z] >>> [apiv2][body] POST https://firebasehosting.googleapis.com/v1beta1/projects/-/sites/stellar-steraction/channels/live/releases {}
[debug] [2026-05-21T13:51:42.921Z] <<< [apiv2][status] POST https://firebasehosting.googleapis.com/v1beta1/projects/-/sites/stellar-steraction/channels/live/releases 200
[debug] [2026-05-21T13:51:42.922Z] <<< [apiv2][body] POST https://firebasehosting.googleapis.com/v1beta1/projects/-/sites/stellar-steraction/channels/live/releases {"name":"projects/560490316039/sites/stellar-steraction/channels/live/releases/1779371501647000","version":{"name":"projects/560490316039/sites/stellar-steraction/versions/febe78267735dec0","status":"FINALIZED","config":{"headers":[{"headers":{"Cache-Control":"public, max-age=31536000, immutable"},"glob":"**/*.@(js|css)"},{"headers":{"Cache-Control":"public, max-age=31536000, immutable"},"glob":"**/*.@(png|jpg|jpeg|gif|webp|svg|ico|woff|woff2)"},{"headers":{"Cache-Control":"no-cache"},"glob":"index.html"}],"rewrites":[{"glob":"**","path":"/index.html"}]},"labels":{"deployment-tool":"cli-firebase"},"createTime":"2026-05-21T13:51:38.997067Z","createUser":{"email":"stellarinteraction@gmail.com","imageUrl":"https://lh3.googleusercontent.com/a/ACg8ocJTrZ3cMbdsZtOEF-YETm0noZzFzfcrutl5YiI_xRx8Mi8kFQ=mo"},"finalizeTime":"2026-05-21T13:51:41.407710Z","finalizeUser":{"email":"stellarinteraction@gmail.com","imageUrl":"https://lh3.googleusercontent.com/a/ACg8ocJTrZ3cMbdsZtOEF-YETm0noZzFzfcrutl5YiI_xRx8Mi8kFQ=mo"}},"type":"DEPLOY","releaseTime":"2026-05-21T13:51:41.647Z","releaseUser":{"email":"stellarinteraction@gmail.com","imageUrl":"https://lh3.googleusercontent.com/a/ACg8ocJTrZ3cMbdsZtOEF-YETm0noZzFzfcrutl5YiI_xRx8Mi8kFQ=mo"}}
[debug] [2026-05-21T13:51:42.922Z] [hosting] release: {"name":"projects/560490316039/sites/stellar-steraction/channels/live/releases/1779371501647000","version":{"name":"projects/560490316039/sites/stellar-steraction/versions/febe78267735dec0","status":"FINALIZED","config":{"headers":[{"headers":{"Cache-Control":"public, max-age=31536000, immutable"},"glob":"**/*.@(js|css)"},{"headers":{"Cache-Control":"public, max-age=31536000, immutable"},"glob":"**/*.@(png|jpg|jpeg|gif|webp|svg|ico|woff|woff2)"},{"headers":{"Cache-Control":"no-cache"},"glob":"index.html"}],"rewrites":[{"glob":"**","path":"/index.html"}]},"labels":{"deployment-tool":"cli-firebase"},"createTime":"2026-05-21T13:51:38.997067Z","createUser":{"email":"stellarinteraction@gmail.com","imageUrl":"https://lh3.googleusercontent.com/a/ACg8ocJTrZ3cMbdsZtOEF-YETm0noZzFzfcrutl5YiI_xRx8Mi8kFQ=mo"},"finalizeTime":"2026-05-21T13:51:41.407710Z","finalizeUser":{"email":"stellarinteraction@gmail.com","imageUrl":"https://lh3.googleusercontent.com/a/ACg8ocJTrZ3cMbdsZtOEF-YETm0noZzFzfcrutl5YiI_xRx8Mi8kFQ=mo"}},"type":"DEPLOY","releaseTime":"2026-05-21T13:51:41.647Z","releaseUser":{"email":"stellarinteraction@gmail.com","imageUrl":"https://lh3.googleusercontent.com/a/ACg8ocJTrZ3cMbdsZtOEF-YETm0noZzFzfcrutl5YiI_xRx8Mi8kFQ=mo"}}
[info] +  hosting[stellar-steraction]: release complete 
[info] 
[info] +  Deploy complete! 
[info] 
[info] Project Console: https://console.firebase.google.com/project/stellar-steraction/overview
[info] Hosting URL: https://stellar-steraction.web.app
[debug] [2026-05-21T13:54:26.550Z] ----------------------------------------------------------------------
[debug] [2026-05-21T13:54:26.558Z] Command:       C:\Program Files\nodejs\node.exe C:\Users\47800946827\AppData\Roaming\npm\node_modules\firebase-tools\lib\bin\firebase.js deploy --only hosting
[debug] [2026-05-21T13:54:26.559Z] CLI Version:   15.18.0
[debug] [2026-05-21T13:54:26.559Z] Platform:      win32
[debug] [2026-05-21T13:54:26.559Z] Node Version:  v24.13.0
[debug] [2026-05-21T13:54:26.559Z] Time:          Thu May 21 2026 10:54:26 GMT-0300 (Horário Padrão de Brasília)
[debug] [2026-05-21T13:54:26.559Z] ----------------------------------------------------------------------
[debug] 
[debug] [2026-05-21T13:54:43.593Z] > command requires scopes: ["email","openid","https://www.googleapis.com/auth/cloudplatformprojects.readonly","https://www.googleapis.com/auth/firebase","https://www.googleapis.com/auth/cloud-platform"]
[debug] [2026-05-21T13:54:43.594Z] > authorizing via signed-in user (stellarinteraction@gmail.com)
[debug] [2026-05-21T13:54:43.594Z] [iam] checking project stellar-steraction for permissions ["firebase.projects.get","firebasehosting.sites.update"]
[debug] [2026-05-21T13:54:43.598Z] Checked if tokens are valid: true, expires at: 1779375014520
[debug] [2026-05-21T13:54:43.598Z] Checked if tokens are valid: true, expires at: 1779375014520
[debug] [2026-05-21T13:54:43.599Z] >>> [apiv2][query] POST https://cloudresourcemanager.googleapis.com/v1/projects/stellar-steraction:testIamPermissions [none]
[debug] [2026-05-21T13:54:43.599Z] >>> [apiv2][(partial)header] POST https://cloudresourcemanager.googleapis.com/v1/projects/stellar-steraction:testIamPermissions  x-goog-user-project=stellar-steraction
[debug] [2026-05-21T13:54:43.600Z] >>> [apiv2][body] POST https://cloudresourcemanager.googleapis.com/v1/projects/stellar-steraction:testIamPermissions {"permissions":["firebase.projects.get","firebasehosting.sites.update"]}
[debug] [2026-05-21T13:54:44.510Z] <<< [apiv2][status] POST https://cloudresourcemanager.googleapis.com/v1/projects/stellar-steraction:testIamPermissions 200
[debug] [2026-05-21T13:54:44.510Z] <<< [apiv2][body] POST https://cloudresourcemanager.googleapis.com/v1/projects/stellar-steraction:testIamPermissions {"permissions":["firebase.projects.get","firebasehosting.sites.update"]}
[debug] [2026-05-21T13:54:44.511Z] Checked if tokens are valid: true, expires at: 1779375014520
[debug] [2026-05-21T13:54:44.511Z] Checked if tokens are valid: true, expires at: 1779375014520
[debug] [2026-05-21T13:54:44.511Z] >>> [apiv2][query] GET https://firebase.googleapis.com/v1beta1/projects/stellar-steraction [none]
[debug] [2026-05-21T13:54:45.083Z] <<< [apiv2][status] GET https://firebase.googleapis.com/v1beta1/projects/stellar-steraction 200
[debug] [2026-05-21T13:54:45.084Z] <<< [apiv2][body] GET https://firebase.googleapis.com/v1beta1/projects/stellar-steraction {"projectId":"stellar-steraction","projectNumber":"560490316039","displayName":"stellar-Interaction","name":"projects/stellar-steraction","resources":{"hostingSite":"stellar-steraction","realtimeDatabaseInstance":"stellar-steraction-default-rtdb"},"state":"ACTIVE","etag":"1_4fe3f6a3-2d48-492e-9f68-a1463a3804e1"}
[info] 
[info] === Deploying to 'stellar-steraction'...
[info] 
[info] i  deploying hosting 
[debug] [2026-05-21T13:54:45.086Z] Checked if tokens are valid: true, expires at: 1779375014520
[debug] [2026-05-21T13:54:45.086Z] Checked if tokens are valid: true, expires at: 1779375014520
[debug] [2026-05-21T13:54:45.086Z] >>> [apiv2][query] GET https://firebasehosting.googleapis.com/v1beta1/projects/stellar-steraction/sites/stellar-steraction [none]
[debug] [2026-05-21T13:54:46.659Z] <<< [apiv2][status] GET https://firebasehosting.googleapis.com/v1beta1/projects/stellar-steraction/sites/stellar-steraction 200
[debug] [2026-05-21T13:54:46.659Z] <<< [apiv2][body] GET https://firebasehosting.googleapis.com/v1beta1/projects/stellar-steraction/sites/stellar-steraction {"name":"projects/stellar-steraction/sites/stellar-steraction","defaultUrl":"https://stellar-steraction.web.app","appId":"1:560490316039:web:80e84d7f209f79482185a2","type":"DEFAULT_SITE"}
[debug] [2026-05-21T13:54:46.668Z] Checked if tokens are valid: true, expires at: 1779375014520
[debug] [2026-05-21T13:54:46.669Z] Checked if tokens are valid: true, expires at: 1779375014520
[debug] [2026-05-21T13:54:46.669Z] >>> [apiv2][query] POST https://firebasehosting.googleapis.com/v1beta1/projects/-/sites/stellar-steraction/versions [none]
[debug] [2026-05-21T13:54:46.669Z] >>> [apiv2][body] POST https://firebasehosting.googleapis.com/v1beta1/projects/-/sites/stellar-steraction/versions {"status":"CREATED","labels":{"deployment-tool":"cli-firebase"}}
[debug] [2026-05-21T13:54:47.584Z] <<< [apiv2][status] POST https://firebasehosting.googleapis.com/v1beta1/projects/-/sites/stellar-steraction/versions 200
[debug] [2026-05-21T13:54:47.584Z] <<< [apiv2][body] POST https://firebasehosting.googleapis.com/v1beta1/projects/-/sites/stellar-steraction/versions {"name":"projects/560490316039/sites/stellar-steraction/versions/3eb28b121c80ffb1","status":"CREATED","config":{},"labels":{"deployment-tool":"cli-firebase"}}
[info] i  hosting[stellar-steraction]: beginning deploy... 
[info] i  hosting[stellar-steraction]: found 63 files in dist 
[debug] [2026-05-21T13:54:47.606Z] [hosting] uploading with 200 concurrency
[debug] [2026-05-21T13:54:47.656Z] Checked if tokens are valid: true, expires at: 1779375014520
[debug] [2026-05-21T13:54:47.657Z] Checked if tokens are valid: true, expires at: 1779375014520
[debug] [2026-05-21T13:54:47.665Z] [hosting] hash cache [ZGlzdA] stored for 63 files
[debug] [2026-05-21T13:54:47.665Z] [hosting][hash queue][FINAL] {"max":35,"min":4,"avg":18.34920634920635,"active":0,"complete":63,"success":63,"errored":0,"retried":0,"total":63,"elapsed":53}
[debug] [2026-05-21T13:54:47.666Z] >>> [apiv2][query] POST https://firebasehosting.googleapis.com/v1beta1/projects/560490316039/sites/stellar-steraction/versions/3eb28b121c80ffb1:populateFiles [none]
[debug] [2026-05-21T13:54:47.666Z] >>> [apiv2][body] POST https://firebasehosting.googleapis.com/v1beta1/projects/560490316039/sites/stellar-steraction/versions/3eb28b121c80ffb1:populateFiles {"files":{"/icons.svg":"a71fc7c82918feffdb1e7e59f1b494531849b1025cedc75bc6c0dfa2a941d54d","/images/logo.png":"46e698455aaae7c63ad437ed39d7abf45948027c0a944268d7a367e7f432320e","/images/planets/Venus.jpg":"d59e99697d2456c24eb8ffe9a54c010ca0c3f46fe1c7c4ca8f10727061d2760c","/images/planets/Urano.jpg":"a52aeba2ceeb39ba1df44274e8bfc9f9c824fcd5673e058feda9da20c393222e","/images/planets/Terra.jpg":"ef7eb01a505138a0239132d2aa0d1aa6ddb5954a0357f155fc4e1005b304c62a","/images/planets/Sol.jpg":"ade2d3229ffb5504bf74c229ff8c5dc9f577400f9a9245beba82c8051fb49431","/images/planets/Saturno.jpg":"000b2ccb69713bb4755fe5f002f667f95801cf12ce8a8e4529437765d00f59a9","/images/planets/Netuno.jpg":"fdfd9ff43d037a24a1e50c53673aec1427b9b2904d772bf2a5a0c0336982adbf","/images/planets/Mercurio.jpg":"50e6bd4bef5021ae262922a0af0879857487ee47d493dd094cef1c3f984b0603","/images/planets/Marte.jpg":"172f7691ef17eef8c279c6cc9b6a5b4a3d4ee32078028ea922428b799f3c0c87","/images/planets/Lua.jpg":"8d7db8092d645697e6fdf2b421f378308f4caced9b61fd44ac7253ec491967df","/images/planets/Jupiter.jpg":"61ce5ac52412efdd6acfd204ca92bc6c8833a094732f2e018ea248b486fe04c0","/images/planets/fundo-sol.png":"ce271eace533a519d984105e73ce61fd400d575094008c432191a843091d31f8","/images/loja/oculos.png":"1f1098eb50103a66b0b9b7c356740496071a67986bb4ac79cb2123eb1c96d29a","/images/loja/chapeu.png":"a1c4a41705440a520277f2177971eea13bb983376df69597091d772a039ef07e","/images/loja/bone.png":"68659362cf9b6bb94cbc42967c8f1329bbf47229c4d1145bf8c4aa46dbdf99a3","/images/loja/aneis.png":"385edbc1962d846e69c71acb25bfcb474d1f7baf2edfcce96591b4639a90dcf2","/images/backgrounds/textura.png":"1179dc51f6a2083be173282e91169f4cb46429ef8375c5665ac047a1fbe0434f","/images/backgrounds/Nuvens.jpg":"2fa644ba0260578fe0813373a76aadc67c013c43a2734904e3636de84bdcb705","/images/backgrounds/fundo-sol.png":"759637c78891a013b42483d04854b10c55edcdae8dbd1febd2879377246697e5","/images/backgrounds/fundo-galaxia.png":"9b1700e57ee71505a06d6803fc336706817351c12f21d1564a99725c3d82c2a9","/images/backgrounds/fundo-espaco.png":"da401b60d97a0338e65bb7a3b2de6168f61d85a88cb115efdc8959a8359c3c43","/images/backgrounds/estrelas.jpg":"98f2574b3dc815d30b198b86fe6f19ccce815e9c029858015a299ab655f5b040","/images/backgrounds/atmosferavenus.jpg":"cba016ef714d14fb023556ff3a0ac6438ab6b779141fe2d684808bbfbc917c34","/images/backgrounds/anel.png":"9d452f723f81ad14820de7869014a734746bbadbf90bc6647ae50fbf9ff5cdc1","/images/avatars/nave.png":"1b166a426f9de8d7ad73e59fcdfdfe34479e00745a15af195d3b2edc6e698e5c","/assets/Videos-YTxlBWDq.js":"3fd503fcbee851959307c32125c90c01cc0971074a7a7546c0bc8e9f265c9c94","/assets/Videos-DAb9W8F0.css":"b01eb03abdcb46b213ecabffbd4b080e503484ca83b47497f38e6e4df13e5fd9","/index.html":"d9bc4f27d04270849f29f37b0a8041c66064037e200ca4e668d3a51adbc4e08c","/assets/Store-DdrsnM_y.js":"9d2fe338feb018a0f8b0e39c0692849a6962cdeef412a2b1966bdb3736f5e9c6","/assets/Store-oTRgT378.css":"ab1e24d6f78d31172056bc4829158ac27220b1145da0c1e313c845efd38ccbe5","/assets/Register-PQD1nFJ3.css":"0aa0fb9861a5692d44b9c4144f6e3fa6667b927edc291657d7ff74ae7f71b4d1","/assets/Register-D9uRqUrO.js":"90e1174e1d3fa12ff4ea6b5e673dd5fef26c3c3fecb017283466b4f1807a7e4f","/favicon.svg":"0adec7ff6e7c7cc01e1ddc0d17660bb392e10d2a737bc91d516f1582054b757a","/assets/Quiz-QQP5I04S.css":"fe0dffa2eb98ae2daa32837cf409fabee369dd96d189714b7adc8fbaed5ea665","/assets/Profile-C6TQ75gK.css":"8052664c8ece6d3f05824c92d395eb319913fc75a769b3071f886c90154647f3","/assets/PlanetDetails-KjC4Y_5x.css":"72b21e292c0f9c48ae142bbad67b5950a046d42023d8f758938505e63f6ddf95","/assets/Planets-ByJjfJDl.css":"cc5a8854c4714085b08adcc3948286187ff8edd94d9b2148b9a4fb548ddaf96c","/assets/Profile-BzE6OEeg.js":"3d86ff3baeb7abd841cfbf20c17c88f2caf8f2cd5d1c5cf70ea8ca412e59f8a9","/assets/PlanetDetails-cxUXI7J-.js":"2655a4c3a3e89e23d07e42c7bca6ee88f761b7b255aa49e6df1108c9a797cb10","/assets/Quiz-BAtR4WGO.js":"0467032a7ca74036701824aad1ad6ea4f29d40e0aa34ff234456fc51a36dc020","/assets/vendor-C9wCz4AW.js":"e9978b77c44b33944fa00182d69c616fd0898d2b131fa1063616781e0cc76d6b","/assets/Mysteries-B61DlvZb.css":"73b86e7b8d6e75bec45f0e1ffe43954c61291ea5b15f6c38fa6ee69f197d5995","/assets/Login-CZQZ68zY.css":"e8c82c4198c0db845821186a1beb7318f522afc05b5855ea6b9bb0c6a897486c","/assets/Mysteries-CTTKyTv3.js":"4abb5eb5d2f2657a44868039256aa20de20d2b5d80b28aba86adc39e58a29960","/assets/NotFound-DQQwuSqQ.css":"89658da3f9e6b1aa2e06043dd3ac62676f10b6bedb87eedc3060abdfc221ad15","/assets/Login-D_9zZdvg.js":"a0126e30b22011a182ec809fa70d90069b70dd0d57263571b3ac8f52d1430c22","/assets/Planets-BquWhNSN.js":"ddfb1946d5ba1e377537ea5909c044633c699208f34b0c5936566b8fb4ffd293","/assets/NotFound-BjPnNLDG.js":"400969b216f8c47e26dc3c9d994fbad7c2052a088fe07c9b6b5f86ee1cb64963","/assets/Home-KTgX0SYR.css":"0c0c6df723137373967324fd34482c4846c7806eb5a1b7a46aef195d1a2acd90","/assets/index-C-FE2CJM.css":"a9cb04c939201d4ded1cbfcc1bfcee5f8213feee31177325c66da50b391d5403","/assets/index-Y_bYc4Pm.js":"50831927a48800b91ce00524a00550d4ecd2e10d4f2b06789895a6b318fa8c41","/assets/Game-CR-4WMww.js":"17ca666425f52bbeebbf48e3e42ad40d39be45fefe62e5cf1d3c262fb784cef1","/assets/Game-C3vBFne9.css":"71173ab449589e16f18ff4fb43710d1d33aa86890ad2f778c2aea5cd86210f0b","/assets/ForgotPassword-CqWhAHOj.css":"e0d8743e54d35615f8f65056ab2d2528248550e28f7bd37b37c508e7b0bc0cdd","/assets/ForgotPassword-C681wGl1.js":"f2cb2670dd2f8a60eaa8af76c854668f03ea32bd50d242924bbd7a97b501771a","/assets/ConfirmDialog-BQzXV3vc.js":"b5edf50bae184beb9ec4462ae5c83978ab35c194de62fb9d3e711ea291fa2369","/assets/Feedback-AolGF8r7.js":"8aeb9c68b30e866559988e2879fab3a831cbb175fe597daa413c2890fd1831ed","/assets/authErrors-2Rk5szzN.js":"ea2dd832b878d05f433301ce38b834b32e95d2a6f950183f181b87a91e8a7403","/assets/Feedback-CLXD2PpH.css":"e01d91e4d4bf9e2d188371e1761b5966fa4c998fd6aa8ac6a7eb50833dceae1a","/assets/Home-Osur1rBK.js":"86cb8fed6b87693a622e7168de8340d05db1f8e0ce9cf3417324fdf1665b628c","/assets/react-vendor-D5vA1o5-.js":"02f42406bcca33d6a34b5dff7d328658cb17a5bf031b7a3f747192c21c02aee1","/assets/firebase-CxwOYhay.js":"7a4faeed777a606bc41d8bbb8c5e94db60070b9192c1e59c0c3dd08da0b96de8"}}
[debug] [2026-05-21T13:54:48.625Z] <<< [apiv2][status] POST https://firebasehosting.googleapis.com/v1beta1/projects/560490316039/sites/stellar-steraction/versions/3eb28b121c80ffb1:populateFiles 200
[debug] [2026-05-21T13:54:48.625Z] <<< [apiv2][body] POST https://firebasehosting.googleapis.com/v1beta1/projects/560490316039/sites/stellar-steraction/versions/3eb28b121c80ffb1:populateFiles {"uploadRequiredHashes":["0adec7ff6e7c7cc01e1ddc0d17660bb392e10d2a737bc91d516f1582054b757a","d9bc4f27d04270849f29f37b0a8041c66064037e200ca4e668d3a51adbc4e08c"],"uploadUrl":"https://upload-firebasehosting.googleapis.com/upload/sites/stellar-steraction/versions/3eb28b121c80ffb1/files"}
[debug] [2026-05-21T13:54:48.626Z] Checked if tokens are valid: true, expires at: 1779375014520
[debug] [2026-05-21T13:54:48.626Z] Checked if tokens are valid: true, expires at: 1779375014520
[debug] [2026-05-21T13:54:48.627Z] Checked if tokens are valid: true, expires at: 1779375014520
[debug] [2026-05-21T13:54:48.627Z] Checked if tokens are valid: true, expires at: 1779375014520
[debug] [2026-05-21T13:54:48.627Z] >>> [apiv2][query] POST https://upload-firebasehosting.googleapis.com/upload/sites/stellar-steraction/versions/3eb28b121c80ffb1/files/0adec7ff6e7c7cc01e1ddc0d17660bb392e10d2a737bc91d516f1582054b757a [none]
[debug] [2026-05-21T13:54:48.628Z] >>> [apiv2][body] POST https://upload-firebasehosting.googleapis.com/upload/sites/stellar-steraction/versions/3eb28b121c80ffb1/files/0adec7ff6e7c7cc01e1ddc0d17660bb392e10d2a737bc91d516f1582054b757a [stream]
[debug] [2026-05-21T13:54:48.630Z] >>> [apiv2][query] POST https://upload-firebasehosting.googleapis.com/upload/sites/stellar-steraction/versions/3eb28b121c80ffb1/files/d9bc4f27d04270849f29f37b0a8041c66064037e200ca4e668d3a51adbc4e08c [none]
[debug] [2026-05-21T13:54:48.631Z] >>> [apiv2][body] POST https://upload-firebasehosting.googleapis.com/upload/sites/stellar-steraction/versions/3eb28b121c80ffb1/files/d9bc4f27d04270849f29f37b0a8041c66064037e200ca4e668d3a51adbc4e08c [stream]
[debug] [2026-05-21T13:54:48.632Z] [hosting][populate queue][FINAL] {"max":971,"min":971,"avg":971,"active":0,"complete":1,"success":1,"errored":0,"retried":0,"total":1,"elapsed":976}
[debug] [2026-05-21T13:54:48.632Z] [hosting] uploads queued: 2
[info] i  hosting: uploading new files [0/2] (0%) 
[debug] [2026-05-21T13:54:49.955Z] <<< [apiv2][status] POST https://upload-firebasehosting.googleapis.com/upload/sites/stellar-steraction/versions/3eb28b121c80ffb1/files/0adec7ff6e7c7cc01e1ddc0d17660bb392e10d2a737bc91d516f1582054b757a 200
[debug] [2026-05-21T13:54:49.955Z] <<< [apiv2][body] POST https://upload-firebasehosting.googleapis.com/upload/sites/stellar-steraction/versions/3eb28b121c80ffb1/files/0adec7ff6e7c7cc01e1ddc0d17660bb392e10d2a737bc91d516f1582054b757a [stream]
[debug] [2026-05-21T13:54:50.119Z] <<< [apiv2][status] POST https://upload-firebasehosting.googleapis.com/upload/sites/stellar-steraction/versions/3eb28b121c80ffb1/files/d9bc4f27d04270849f29f37b0a8041c66064037e200ca4e668d3a51adbc4e08c 200
[debug] [2026-05-21T13:54:50.119Z] <<< [apiv2][body] POST https://upload-firebasehosting.googleapis.com/upload/sites/stellar-steraction/versions/3eb28b121c80ffb1/files/d9bc4f27d04270849f29f37b0a8041c66064037e200ca4e668d3a51adbc4e08c [stream]
[debug] [2026-05-21T13:54:50.120Z] [hosting][upload queue][FINAL] {"max":1492,"min":1330,"avg":1411,"active":0,"complete":2,"success":2,"errored":0,"retried":0,"total":2,"elapsed":1494}
[info] i  hosting: upload complete 
[info] +  hosting[stellar-steraction]: file upload complete 
[debug] [2026-05-21T13:54:50.120Z] [hosting] deploy completed after 2533ms
[debug] [2026-05-21T13:54:50.120Z] [
  {
    "config": {
      "public": "dist",
      "ignore": [
        "firebase.json",
        "**/.*",
        "**/node_modules/**"
      ],
      "rewrites": [
        {
          "source": "**",
          "destination": "/index.html"
        }
      ],
      "headers": [
        {
          "source": "**/*.@(js|css)",
          "headers": [
            {
              "key": "Cache-Control",
              "value": "public, max-age=31536000, immutable"
            }
          ]
        },
        {
          "source": "**/*.@(png|jpg|jpeg|gif|webp|svg|ico|woff|woff2)",
          "headers": [
            {
              "key": "Cache-Control",
              "value": "public, max-age=31536000, immutable"
            }
          ]
        },
        {
          "source": "index.html",
          "headers": [
            {
              "key": "Cache-Control",
              "value": "no-cache"
            }
          ]
        }
      ],
      "site": "stellar-steraction"
    },
    "version": "projects/560490316039/sites/stellar-steraction/versions/3eb28b121c80ffb1"
  }
]
[info] i  hosting[stellar-steraction]: finalizing version... 
[debug] [2026-05-21T13:54:50.133Z] Checked if tokens are valid: true, expires at: 1779375014520
[debug] [2026-05-21T13:54:50.133Z] Checked if tokens are valid: true, expires at: 1779375014520
[debug] [2026-05-21T13:54:50.134Z] >>> [apiv2][query] PATCH https://firebasehosting.googleapis.com/v1beta1/projects/-/sites/stellar-steraction/versions/3eb28b121c80ffb1 updateMask=status%2Cconfig
[debug] [2026-05-21T13:54:50.134Z] >>> [apiv2][body] PATCH https://firebasehosting.googleapis.com/v1beta1/projects/-/sites/stellar-steraction/versions/3eb28b121c80ffb1 {"status":"FINALIZED","config":{"rewrites":[{"glob":"**","path":"/index.html"}],"headers":[{"glob":"**/*.@(js|css)","headers":{"Cache-Control":"public, max-age=31536000, immutable"}},{"glob":"**/*.@(png|jpg|jpeg|gif|webp|svg|ico|woff|woff2)","headers":{"Cache-Control":"public, max-age=31536000, immutable"}},{"glob":"index.html","headers":{"Cache-Control":"no-cache"}}]}}
[debug] [2026-05-21T13:54:50.772Z] <<< [apiv2][status] PATCH https://firebasehosting.googleapis.com/v1beta1/projects/-/sites/stellar-steraction/versions/3eb28b121c80ffb1 200
[debug] [2026-05-21T13:54:50.772Z] <<< [apiv2][body] PATCH https://firebasehosting.googleapis.com/v1beta1/projects/-/sites/stellar-steraction/versions/3eb28b121c80ffb1 {"name":"projects/560490316039/sites/stellar-steraction/versions/3eb28b121c80ffb1","status":"FINALIZED","config":{"headers":[{"headers":{"Cache-Control":"public, max-age=31536000, immutable"},"glob":"**/*.@(js|css)"},{"headers":{"Cache-Control":"public, max-age=31536000, immutable"},"glob":"**/*.@(png|jpg|jpeg|gif|webp|svg|ico|woff|woff2)"},{"headers":{"Cache-Control":"no-cache"},"glob":"index.html"}],"rewrites":[{"glob":"**","path":"/index.html"}]},"labels":{"deployment-tool":"cli-firebase"},"createTime":"2026-05-21T13:54:46.964232Z","createUser":{"email":"stellarinteraction@gmail.com"},"finalizeTime":"2026-05-21T13:54:50.626965Z","finalizeUser":{"email":"stellarinteraction@gmail.com"}}
[debug] [2026-05-21T13:54:50.773Z] [hosting] finalized version for stellar-steraction:[object Object]
[info] +  hosting[stellar-steraction]: version finalized 
[info] i  hosting[stellar-steraction]: releasing new version... 
[debug] [2026-05-21T13:54:50.773Z] Checked if tokens are valid: true, expires at: 1779375014520
[debug] [2026-05-21T13:54:50.773Z] Checked if tokens are valid: true, expires at: 1779375014520
[debug] [2026-05-21T13:54:50.774Z] >>> [apiv2][query] POST https://firebasehosting.googleapis.com/v1beta1/projects/-/sites/stellar-steraction/channels/live/releases versionName=projects%2F560490316039%2Fsites%2Fstellar-steraction%2Fversions%2F3eb28b121c80ffb1
[debug] [2026-05-21T13:54:50.774Z] >>> [apiv2][body] POST https://firebasehosting.googleapis.com/v1beta1/projects/-/sites/stellar-steraction/channels/live/releases {}
[debug] [2026-05-21T13:54:51.572Z] <<< [apiv2][status] POST https://firebasehosting.googleapis.com/v1beta1/projects/-/sites/stellar-steraction/channels/live/releases 200
[debug] [2026-05-21T13:54:51.572Z] <<< [apiv2][body] POST https://firebasehosting.googleapis.com/v1beta1/projects/-/sites/stellar-steraction/channels/live/releases {"name":"projects/560490316039/sites/stellar-steraction/channels/live/releases/1779371690654000","version":{"name":"projects/560490316039/sites/stellar-steraction/versions/3eb28b121c80ffb1","status":"FINALIZED","config":{"headers":[{"headers":{"Cache-Control":"public, max-age=31536000, immutable"},"glob":"**/*.@(js|css)"},{"headers":{"Cache-Control":"public, max-age=31536000, immutable"},"glob":"**/*.@(png|jpg|jpeg|gif|webp|svg|ico|woff|woff2)"},{"headers":{"Cache-Control":"no-cache"},"glob":"index.html"}],"rewrites":[{"glob":"**","path":"/index.html"}]},"labels":{"deployment-tool":"cli-firebase"},"createTime":"2026-05-21T13:54:46.964232Z","createUser":{"email":"stellarinteraction@gmail.com","imageUrl":"https://lh3.googleusercontent.com/a/ACg8ocJTrZ3cMbdsZtOEF-YETm0noZzFzfcrutl5YiI_xRx8Mi8kFQ=mo"},"finalizeTime":"2026-05-21T13:54:50.626965Z","finalizeUser":{"email":"stellarinteraction@gmail.com","imageUrl":"https://lh3.googleusercontent.com/a/ACg8ocJTrZ3cMbdsZtOEF-YETm0noZzFzfcrutl5YiI_xRx8Mi8kFQ=mo"}},"type":"DEPLOY","releaseTime":"2026-05-21T13:54:50.654Z","releaseUser":{"email":"stellarinteraction@gmail.com","imageUrl":"https://lh3.googleusercontent.com/a/ACg8ocJTrZ3cMbdsZtOEF-YETm0noZzFzfcrutl5YiI_xRx8Mi8kFQ=mo"}}
[debug] [2026-05-21T13:54:51.573Z] [hosting] release: {"name":"projects/560490316039/sites/stellar-steraction/channels/live/releases/1779371690654000","version":{"name":"projects/560490316039/sites/stellar-steraction/versions/3eb28b121c80ffb1","status":"FINALIZED","config":{"headers":[{"headers":{"Cache-Control":"public, max-age=31536000, immutable"},"glob":"**/*.@(js|css)"},{"headers":{"Cache-Control":"public, max-age=31536000, immutable"},"glob":"**/*.@(png|jpg|jpeg|gif|webp|svg|ico|woff|woff2)"},{"headers":{"Cache-Control":"no-cache"},"glob":"index.html"}],"rewrites":[{"glob":"**","path":"/index.html"}]},"labels":{"deployment-tool":"cli-firebase"},"createTime":"2026-05-21T13:54:46.964232Z","createUser":{"email":"stellarinteraction@gmail.com","imageUrl":"https://lh3.googleusercontent.com/a/ACg8ocJTrZ3cMbdsZtOEF-YETm0noZzFzfcrutl5YiI_xRx8Mi8kFQ=mo"},"finalizeTime":"2026-05-21T13:54:50.626965Z","finalizeUser":{"email":"stellarinteraction@gmail.com","imageUrl":"https://lh3.googleusercontent.com/a/ACg8ocJTrZ3cMbdsZtOEF-YETm0noZzFzfcrutl5YiI_xRx8Mi8kFQ=mo"}},"type":"DEPLOY","releaseTime":"2026-05-21T13:54:50.654Z","releaseUser":{"email":"stellarinteraction@gmail.com","imageUrl":"https://lh3.googleusercontent.com/a/ACg8ocJTrZ3cMbdsZtOEF-YETm0noZzFzfcrutl5YiI_xRx8Mi8kFQ=mo"}}
[info] +  hosting[stellar-steraction]: release complete 
[info] 
[info] +  Deploy complete! 
[info] 
[info] Project Console: https://console.firebase.google.com/project/stellar-steraction/overview
[info] Hosting URL: https://stellar-steraction.web.app
